<?xml version="1.0" encoding="UTF-8"?>
<testng-results ignored="0" total="1" passed="1" failed="0" skipped="0">
  <reporter-output>
  </reporter-output>
  <suite started-at="2019-05-27T09:27:33Z" name="Default suite" finished-at="2019-05-27T09:28:36Z" duration-ms="62466">
    <groups>
    </groups>
    <test started-at="2019-05-27T09:27:33Z" name="Default test" finished-at="2019-05-27T09:28:36Z" duration-ms="62466">
      <class name="ilab.assesment.testcase.CreateBooking">
        <test-method is-config="true" signature="reporting()[pri:0, instance:ilab.assesment.testcase.ILabAssesment@568ff82]" started-at="2019-05-27T09:27:33Z" name="reporting" finished-at="2019-05-27T09:27:34Z" duration-ms="400" status="PASS">
          <reporter-output>
          </reporter-output>
        </test-method> <!-- reporting -->
        <test-method signature="succesfulLogin()[pri:1, instance:ilab.assesment.testcase.ILabAssesment@568ff82]" started-at="2019-05-27T09:27:34Z" name="succesfulLogin" finished-at="2019-05-27T09:28:33Z" duration-ms="59167" status="PASS">
          <reporter-output>
          </reporter-output>
        </test-method> <!-- succesfulLogin -->
        <test-method is-config="true" signature="getTestResults(org.testng.ITestResult)[pri:0, instance:ilab.assesment.testcase.ILabAssesment@568ff82]" started-at="2019-05-27T09:28:33Z" name="getTestResults" finished-at="2019-05-27T09:28:34Z" duration-ms="982" status="PASS">
          <params>
            <param index="0">
              <value>
                <![CDATA[[TestResult name=succesfulLogin status=SUCCESS method=ILabAssesment.succesfulLogin()[pri:1, instance:ilab.assesment.testcase.ILabAssesment@568ff82] output={null}]]]>
              </value>
            </param>
          </params>
          <reporter-output>
          </reporter-output>
        </test-method> <!-- getTestResults -->
        <test-method is-config="true" signature="closeBrowser()[pri:0, instance:ilab.assesment.testcase.ILabAssesment@568ff82]" started-at="2019-05-27T09:28:34Z" name="closeBrowser" finished-at="2019-05-27T09:28:36Z" duration-ms="1870" status="PASS">
          <reporter-output>
          </reporter-output>
        </test-method> <!-- closeBrowser -->
      </class> <!-- ilab.assesment.testcase.ILabAssesment -->
    </test> <!-- Default test -->
  </suite> <!-- Default suite -->
</testng-results>
